[15:21:42 22/07/2025] [ERROR] Uncaught Exception | Meta: {"fatal":true,"stack":"D:\\lab_node\\controllers\\admin\\review.js:9\n        .replace(/[\f0-\n                 ^^^^^\n\nSyntaxError: Invalid regular expression: /[\f0-\u0000C3\u0000C8-\u0000CB\u0000CC-\u0000CF\u0000D2-\u0000D6\u0000D9-\u0000DC\u0000E0-\u0000E3\u0000E8-\u0000EB\u0000EC-\u0000EF\u0000F2-\u0000F6\u0000F9-\u0000FC\u000100-\u00017F]/g: Range out of order in character class\n    at wrapSafe (node:internal/modules/cjs/loader:1486:18)\n    at Module._compile (node:internal/modules/cjs/loader:1528:20)\n    at Object..js (node:internal/modules/cjs/loader:1706:10)\n    at Module.load (node:internal/modules/cjs/loader:1289:32)\n    at Function._load (node:internal/modules/cjs/loader:1108:12)\n    at TracingChannel.traceSync (node:diagnostics_channel:322:14)\n    at wrapModuleLoad (node:internal/modules/cjs/loader:220:24)\n    at Module.require (node:internal/modules/cjs/loader:1311:12)\n    at require (node:internal/modules/helpers:136:16)\n    at Object.<anonymous> (D:\\lab_node\\controllers\\admin\\index.js:6:26)","name":"SyntaxError","message":"Invalid regular expression: /[\f0-\u0000C3\u0000C8-\u0000CB\u0000CC-\u0000CF\u0000D2-\u0000D6\u0000D9-\u0000DC\u0000E0-\u0000E3\u0000E8-\u0000EB\u0000EC-\u0000EF\u0000F2-\u0000F6\u0000F9-\u0000FC\u000100-\u00017F]/g: Range out of order in character class"}
[15:23:14 22/07/2025] [ERROR] Uncaught Exception | Meta: {"fatal":true,"stack":"D:\\lab_node\\controllers\\admin\\review.js:9\n        .replace(/[\f0-\n                 ^^^^^\n\nSyntaxError: Invalid regular expression: /[\f0-\u0000C3\u0000C8-\u0000CB\u0000CC-\u0000CF\u0000D2-\u0000D6\u0000D9-\u0000DC\u0000E0-\u0000E3\u0000E8-\u0000EB\u0000EC-\u0000EF\u0000F2-\u0000F6\u0000F9-\u0000FC\u000100-\u00017F]/g: Range out of order in character class\n    at wrapSafe (node:internal/modules/cjs/loader:1486:18)\n    at Module._compile (node:internal/modules/cjs/loader:1528:20)\n    at Object..js (node:internal/modules/cjs/loader:1706:10)\n    at Module.load (node:internal/modules/cjs/loader:1289:32)\n    at Function._load (node:internal/modules/cjs/loader:1108:12)\n    at TracingChannel.traceSync (node:diagnostics_channel:322:14)\n    at wrapModuleLoad (node:internal/modules/cjs/loader:220:24)\n    at Module.require (node:internal/modules/cjs/loader:1311:12)\n    at require (node:internal/modules/helpers:136:16)\n    at Object.<anonymous> (D:\\lab_node\\controllers\\admin\\index.js:6:26)","name":"SyntaxError","message":"Invalid regular expression: /[\f0-\u0000C3\u0000C8-\u0000CB\u0000CC-\u0000CF\u0000D2-\u0000D6\u0000D9-\u0000DC\u0000E0-\u0000E3\u0000E8-\u0000EB\u0000EC-\u0000EF\u0000F2-\u0000F6\u0000F9-\u0000FC\u000100-\u00017F]/g: Range out of order in character class"}
[16:15:47 22/07/2025] [ERROR] ❌ Lỗi khi gửi email | Meta: {}
